BUILD: Computing Include file dependencies:
BUILD: Examining c:\ved\development\opensource\iometer\berlios\2009.05.12\pulsar directory for files to compile.
before AssemblyIdentity_AfterReadAllSources
after AssemblyIdentity_AfterReadAllSources
skipping post pass 0 command
Compiling and Linking c:\ved\development\opensource\iometer\berlios\2009.05.12\pulsar *************
'nmake.exe /nologo BUILDMSG=Stop. -i BUILD_PASS=PASS2 LINKONLY=1 NOPASS0=1 MAKEDIR_RELATIVE_TO_BASEDIR= MAKEDIR_LOWERCASE=c:\ved\development\opensource\iometer\berlios\2009.05.12\pulsar'
c:\ved\development\opensource\iometer\berlios\2009.05.12\pulsar: TARGETPATH is ..\ddk\fre
BUILDMSG: _NT_TARGET_VERSION SET TO WS03
	cl.exe @c:\ved\development\opensource\iometer\berlios\2009.05.12\pulsar\objfre_wnet_amd64\amd64\cl.rsp
Microsoft (R) C/C++ Optimizing Compiler Version 14.00.50727.215 for x64
Copyright (C) Microsoft Corporation.  All rights reserved.

cl /Fo"c:\ved\development\opensource\iometer\berlios\2009.05.12\pulsar\objfre_wnet_amd64\amd64/"
   /FC
   
   /Iamd64\
   /I.
   /IC:\Ved\Development\bin\ddk\6000.rtm\inc\mfc42
   /IC:\Ved\Development\bin\ddk\6000.rtm\inc\api\dao350
   /IC:\Ved\Development\bin\ddk\6000.rtm\inc\api
   /IC:\Ved\Development\bin\ddk\6000.rtm\inc\api\crt\stl70
   /Ic:\ved\Development\bin\sdk\w2k3.r2\\INCLUDE
   /I..
   /Ic:\ved\development\opensource\iometer\berlios\2009.05.12\pulsar\objfre_wnet_amd64\amd64
   /IC:\Ved\Development\bin\ddk\6000.rtm\inc\api
   /IC:\Ved\Development\bin\ddk\6000.rtm\inc\api
   /IC:\Ved\Development\bin\ddk\6000.rtm\inc\crt
   /IC:\Ved\Development\bin\ddk\6000.rtm\inc\api\crt\stl70
   /D_WIN64
   /D_AMD64_
   /DAMD64
   
   
   /DCONDITION_HANDLING=1
   
   
   /DNT_INST=0
   /DWIN32=100
   /D_NT1X_=100
   /DWINNT=1
   /D_WIN32_WINNT=0x0502
   /DWINVER=0x0502
   /D_WIN32_IE=0x0603
   
   
   
   /DWIN32_LEAN_AND_MEAN=1
   /DDEVL=1
   /D__BUILDMACHINE__=WinDDK
   
   /DNDEBUG
   /D_STATIC_CPPLIB
   /D_STL70_
   /D_DLL=1
   /D_MT=1
   
   -D_PULSAR_
   -DDOSWIN32
   -DUSE_NEW_DISCOVERY_MECHANISM
   -DIOMTR_SETTING_CPU_AFFINITY
   -DFORCE_STRUCT_ALIGN
   -D_DETAILS
   -D_DETAILS2
   /DNTDDI_VERSION=0x05020100
   -DIOMTR_OSFAMILY_WINDOWS
   -DIOMTR_OS_WIN64
   -DIOMTR_CPU_X86_64
   
   
   
   /D_AFX_NOFORCE_LIBS
   /D_MFC_VER=0x0600
   /D_AFXDLL
   
   
   /c
   /Zc:wchar_t-
   /Zl
   /Zp8
   /Gy
   
   /W2
   /Wp64
   /WX
   
   
   
   
   /EHsc
   
   /GR
   /GF
   /GS
   /Z7
   /Oxs
   /GL
   /Z7
   
   
   -DKMDF_MAJOR_VERSION=01
   -DKMDF_MINOR_VERSION=005
   /FIC:\Ved\Development\bin\ddk\6000.rtm\inc\api\warning.h
   
   
   
   
   
   ..\iomanagerwin.cpp 

iomanagerwin.cpp
	link.exe /out:..\ddk\fre\amd64\DYNAMO.exe /machine:amd64 @C:\Users\vedran\AppData\Local\Temp\nm4A98.tmp
Microsoft (R) Incremental Linker Version 8.00.50727.215
Copyright (C) Microsoft Corporation.  All rights reserved.

/include:__afxForceSTDAFX 
/ltcg 
/MERGE:_PAGE=PAGE 
/MERGE:_TEXT=.text 
/SECTION:INIT,d 
/OPT:REF 
/OPT:ICF 
/IGNORE:4198,4010,4037,4039,4065,4070,4078,4087,4089,4221,4108,4088,4218,4218,4235 
/INCREMENTAL:NO 
/FULLBUILD 
/release 
/NODEFAULTLIB 
/WX 
/debug 
/debugtype:cv 
/version:6.0 
/osversion:6.0 
/debug 
/debugtype:cv,fixup,pdata 
/opt:nowin98 
c:\ved\development\bin\ddk\6000.rtm\lib\wnet\amd64\hotpatch.obj 
/functionpadmin:6 
/merge:.rdata=.text 
/pdbcompress 
-stack:0x4000000,0x100000 
/tsaware 
/subsystem:console,5.02 
/base:@C:\Ved\Development\bin\ddk\6000.rtm\bin\coffbase.txt,usermode64 
/entry:mainCRTStartup 
objfre_wnet_amd64\amd64\pulsar.res 
objfre_wnet_amd64\amd64\byteorder.obj 
objfre_wnet_amd64\amd64\ioaccess.obj 
objfre_wnet_amd64\amd64\iocompletionq.obj 
objfre_wnet_amd64\amd64\iocqaio.obj 
objfre_wnet_amd64\amd64\iocqvi.obj 
objfre_wnet_amd64\amd64\ioglobals.obj 
objfre_wnet_amd64\amd64\iogrunt.obj 
objfre_wnet_amd64\amd64\iomanager.obj 
objfre_wnet_amd64\amd64\iomanagerwin.obj 
objfre_wnet_amd64\amd64\ioperformance.obj 
objfre_wnet_amd64\amd64\ioport.obj 
objfre_wnet_amd64\amd64\ioporttcp.obj 
objfre_wnet_amd64\amd64\iotarget.obj 
objfre_wnet_amd64\amd64\iotargetdisk.obj 
objfre_wnet_amd64\amd64\iotargettcp.obj 
objfre_wnet_amd64\amd64\iotargetvi.obj 
objfre_wnet_amd64\amd64\iotime.obj 
objfre_wnet_amd64\amd64\iovipl.obj 
objfre_wnet_amd64\amd64\nettcp.obj 
objfre_wnet_amd64\amd64\netvi.obj 
objfre_wnet_amd64\amd64\network.obj 
objfre_wnet_amd64\amd64\pulsar.obj 
objfre_wnet_amd64\amd64\stdafx.obj 
objfre_wnet_amd64\amd64\vinic.obj 
c:\ved\development\bin\ddk\6000.rtm\lib\wnet\amd64\advapi32.lib 
c:\ved\development\bin\ddk\6000.rtm\lib\wnet\amd64\kernel32.lib 
C:\Ved\Development\bin\ddk\6000.rtm\lib\crt\amd64\msvcprt_btowc.lib 
c:\ved\development\bin\ddk\6000.rtm\lib\wnet\amd64\msvcrt_win2003.obj 
C:\Ved\Development\bin\ddk\6000.rtm\lib\mfc\amd64\mfcs42.lib 
C:\Ved\Development\bin\ddk\6000.rtm\lib\mfc\amd64\mfc42.lib 
c:\ved\development\bin\ddk\6000.rtm\lib\wnet\amd64\ntstc_msvcrt.lib 
C:\Ved\Development\bin\ddk\6000.rtm\lib\crt\amd64\msvcrt.lib 
c:\ved\development\bin\ddk\6000.rtm\lib\wnet\amd64\KERNEL32.LIB 
c:\ved\development\bin\ddk\6000.rtm\lib\wnet\amd64\MSWSOCK.LIB 
c:\ved\development\bin\ddk\6000.rtm\lib\wnet\amd64\NETAPI32.LIB 
c:\ved\development\bin\ddk\6000.rtm\lib\wnet\amd64\SETUPAPI.LIB 
c:\ved\development\bin\ddk\6000.rtm\lib\wnet\amd64\USER32.lib 
c:\ved\development\bin\ddk\6000.rtm\lib\wnet\amd64\VERSION.LIB 
c:\ved\development\bin\ddk\6000.rtm\lib\wnet\amd64\WS2_32.LIB 
c:\ved\development\bin\ddk\6000.rtm\lib\wnet\amd64\sehupd.lib 
Generating code
Finished generating code
